<createAccount>997922158,<type>c,<time>Sun Oct 26 11:24:17 2025
<createAccount>556562645,<type>S,<time>Sun Oct 26 11:54:09 2025
<createAccount>27355443,<type>C,<time>Sun Oct 26 12:08:07 2025
<createAccount>97563984,<type>C,<time>Sun Oct 26 12:11:09 2025
<createAccount>675127153,<type>C,<time>Sun Oct 26 12:14:13 2025
<createAccount>440822016,<type>C,<time>Sun Oct 26 12:15:46 2025
<createAccount>220673894,<type>C,<time>Sun Oct 26 12:19:14 2025
<createAccount>241546155,<type>S,<time>Sun Oct 26 12:21:07 2025
<createAccount>137042832,<type>C,<time>Sun Oct 26 12:24:44 2025
<createAccount>669871602,<type>C,<time>Sun Oct 26 12:31:18 2025
<createAccount>578688519,<type>C,<time>Sun Oct 26 12:34:03 2025
<createAccount>39922338,<type>C,<time>Sun Oct 26 12:34:38 2025
<createAccount>5889436,<type>C,<time>Sun Oct 26 12:37:44 2025
<createAccount>805730472,<type>S,<time>Sun Oct 26 12:54:29 2025
<createAccount>760810618,<type>C,<time>Sun Oct 26 12:55:32 2025
<createAccount>660842741,<type>C,<time>Sun Oct 26 12:56:31 2025
<createAccount>176447291,<type>C,<time>Sun Oct 26 12:59:02 2025
<createAccount>281790687,<type>S,<time>Sun Oct 26 13:58:28 2025
<createAccount>751167677,<type>C,<time>Sun Oct 26 20:00:42 2025
<createAccount>502483160,<type>S,<time>Sun Oct 26 20:02:53 2025
<createAccount>160437296,<type>C,<time>Sun Oct 26 20:18:31 2025
<createAccount>522830591,<type>S,<time>Sun Oct 26 21:08:26 2025
<createAccount>70827167,<type>S,<time>Sun Oct 26 21:31:55 2025
<createAccount>257777634,<type>C,<time>Sun Oct 26 21:39:17 2025
<createAccount>177286919,<type>S,<time>Sun Oct 26 21:41:16 2025
<createAccount>213025665,<type>C,<time>Sun Oct 26 21:42:19 2025
<createAccount>247785166,<type>S,<time>Sun Oct 26 21:42:34 2025
<createAccount>998086702,<type>C,<time>Sun Oct 26 21:43:48 2025
<createAccount>16569847,<type>C,<time>Sun Oct 26 21:49:02 2025
<createAccount>862171035,<type>S,<time>Sun Oct 26 21:49:46 2025
<createAccount>241282928,<type>S,<time>Sun Oct 26 21:51:14 2025
<createAccount>160850024,<type>C,<time>Sun Oct 26 21:52:06 2025
<createAccount>33364323,<type>S,<time>Sun Oct 26 22:26:57 2025
<depositAccount>213025665.txt,<amount>90,<time>Mon Oct 27 23:09:36 2025
<depositAccount>213025665.txt,<amount>90,<time>Tue Oct 28 08:06:26 2025
<depositAccount>213025665.txt,<amount>90,<time>Tue Oct 28 08:09:14 2025
<depositAccount>213025665.txt,<amount>90,<time>Tue Oct 28 08:10:44 2025
<depositAccount>213025665.txt,<amount>0.9,<time>Tue Oct 28 08:10:54 2025
<depositAccount>213025665.txt,<amount>9s,<time>Tue Oct 28 08:11:13 2025
<depositAccount>213025665.txt,<amount>99,<time>Tue Oct 28 08:11:41 2025
<depositAccount>213025665.txt,<amount>-99,<time>Tue Oct 28 08:11:56 2025
<depositAccount>213025665.txt,<amount>99,<time>Tue Oct 28 08:12:51 2025
<depositAccount>213025665.txt,<amount>90,<time>Tue Oct 28 08:13:16 2025
<depositAccount>213025665.txt,<amount>90,<time>Tue Oct 28 08:16:24 2025
<depositAccount>213025665.txt,<amount>90,<time>Tue Oct 28 08:19:47 2025
<depositAccount>213025665.txt,<amount>89,<time>Tue Oct 28 08:24:35 2025
<depositAccount>213025665.txt,<amount>80,<time>Tue Oct 28 08:28:40 2025
<depositAccount>213025665.txt,<amount>90,<time>Tue Oct 28 08:36:12 2025
<depositAccount>213025665.txt,<amount>900,<time>Tue Oct 28 08:36:48 2025
<depositAccount>213025665.txt,<amount>80,<time>Tue Oct 28 08:37:30 2025
<depositAccount>213025665.txt,<amount>80,<time>Tue Oct 28 08:38:30 2025
<withdrawAccount>213025665.txt,<amount>90,<time>Tue Oct 28 08:38:39 2025
<withdrawAccount>213025665.txt,<amount>900,<time>Tue Oct 28 08:39:54 2025
<withdrawAccount>213025665.txt,<amount>900,<time>Tue Oct 28 08:40:17 2025
<withdrawAccount>213025665.txt,<amount>10,<time>Tue Oct 28 08:40:31 2025
<depositAccount>213025665.txt,<amount>800,<time>Tue Oct 28 08:41:43 2025
<withdrawAccount>213025665.txt,<amount>9000,<time>Tue Oct 28 08:41:59 2025
<depositAccount>213025665.txt,<amount>182,<time>Tue Oct 28 08:42:47 2025
<withdrawAccount>213025665.txt,<amount>1200,<time>Tue Oct 28 08:43:10 2025
<depositAccount>213025665.txt,<amount>8000,<time>Tue Oct 28 08:45:09 2025
<depositAccount>213025665.txt,<amount>800,<time>Tue Oct 28 08:50:30 2025
<depositAccount>213025665.txt,<amount>900,<time>Tue Oct 28 08:52:21 2025
<depositAccount>213025665.txt,<amount>800,<time>Tue Oct 28 23:08:37 2025
<withdrawAccount>213025665.txt,<amount>8000,<time>Tue Oct 28 23:08:52 2025
<depositAccount>213025665.txt,<amount>90,<time>Tue Oct 28 23:09:09 2025
<depositAccount>213025665.txt,<amount>900,<time>Tue Oct 28 23:11:34 2025
<withdrawAccount>213025665.txt,<amount>80,<time>Tue Oct 28 23:12:00 2025
<depositAccount>213025665.txt,<amount>213025665,<time>Tue Oct 28 23:12:19 2025
<depositAccount>213025665.txt,<amount>8000,<time>Tue Oct 28 23:14:11 2025
<depositAccount>213025665.txt,<amount>800,<time>Tue Oct 28 23:22:09 2025
<depositAccount>213025665.txt,<amount>800,<time>Tue Oct 28 23:23:59 2025
<depositAccount>213025665.txt,<amount>999.99,<time>Tue Oct 28 23:24:17 2025
<depositAccount>213025665.txt,<amount>800,<time>Tue Oct 28 23:25:59 2025
<withdrawAccount>213025665.txt,<amount>80000,<time>Tue Oct 28 23:26:10 2025
<withdrawAccount>213025665.txt,<amount>900000,<time>Tue Oct 28 23:26:21 2025
<withdrawAccount>213025665.txt,<amount>2130256,<time>Tue Oct 28 23:26:49 2025
<depositAccount>213025665.txt,<amount>800.99,<time>Tue Oct 28 23:27:31 2025
<withdrawAccount>213025665.txt,<amount>899.99,<time>Tue Oct 28 23:28:33 2025
<withdrawAccount>213025665.txt,<amount>899.99,<time>Tue Oct 28 23:31:50 2025
<withdrawAccount>213025665.txt,<amount>899.99,<time>Tue Oct 28 23:35:29 2025
<withdrawAccount>213025665.txt,<amount>800.50,<time>Tue Oct 28 23:35:56 2025
<withdrawAccount>213025665.txt,<amount>9000.99,<time>Tue Oct 28 23:39:04 2025
<depositAccount>213025665.txt,<amount>800.99,<time>Tue Oct 28 23:41:47 2025
<depositAccount>213025665.txt,<amount>8000.99,<time>Tue Oct 28 23:42:24 2025
<withdrawAccount>213025665.txt,<amount>8000.99,<time>Tue Oct 28 23:43:06 2025
<withdrawAccount>213025665.txt,<amount>800.09,<time>Tue Oct 28 23:43:37 2025
<withdrawAccount>213025665.txt,<amount>800.99,<time>Tue Oct 28 23:45:12 2025
<withdrawAccount>213025665.txt,<amount>899.99,<time>Tue Oct 28 23:52:49 2025
<withdrawAccount>213025665.txt,<amount>899000,<time>Tue Oct 28 23:53:17 2025
<withdrawAccount>213025665.txt,<amount>899.99,<time>Wed Oct 29 00:07:21 2025
<depositAccount>213025665.txt,<amount>9009Íÿÿÿ:Íÿÿÿ,<time>Wed Oct 29 08:10:31 2025
<depositAccount>213025665.txt,<amount>900.909Íÿÿÿ=Íÿÿÿ,<time>Wed Oct 29 08:12:32 2025
<depositAccount>213025665.txt,<amount>900.99Íÿÿÿ<Íÿÿÿ,<time>Wed Oct 29 08:14:03 2025
<depositAccount>213025665.txt,<amount>900.99,<time>Wed Oct 29 08:18:44 2025
<depositAccount>213025665.txt,<amount>900.99,<time>Wed Oct 29 08:21:11 2025
<depositAccount>213025665.txt,<amount>80099.99,<time>Wed Oct 29 08:25:57 2025
<depositAccount>213025665.txt,<amount>99.99,<time>Wed Oct 29 08:26:59 2025
<depositAccount>213025665.txt,<amount>899.99,<time>Wed Oct 29 08:41:39 2025
<depositAccount>213025665.txt,<amount>99.99,<time>Wed Oct 29 08:41:52 2025
<withdrawAccount>213025665.txt,<amount>Wed Oct 29 13:07:00 2025
,<time>(null)<withdrawAccount>213025665.txt,<amount>444.45,<time>Wed Oct 29 13:10:27 2025
<withdrawAccount>213025665.txt,<amount>899.99,<time>Wed Oct 29 13:15:26 2025
<withdrawAccount>213025665.txt,<amount>988.99,<time>Wed Oct 29 13:16:22 2025
<withdrawAccount>213025665.txt,<amount>899.99,<time>Wed Oct 29 13:20:31 2025
<depositAccount>213025665.txt,<amount>0.00,<time>Wed Oct 29 13:25:48 2025
<withdrawAccount>213025665.txt,<amount>899.99,<time>Wed Oct 29 13:26:16 2025
<withdrawAccount>213025665.txt,<amount>899.99,<time>Wed Oct 29 13:27:04 2025
<withdrawAccount>213025665.txt,<amount>677.99,<time>Wed Oct 29 13:28:05 2025
<withdrawAccount>213025665.txt,<amount>899.99,<time>Wed Oct 29 13:28:48 2025
<withdrawAccount>213025665.txt,<amount>899.99,<time>Wed Oct 29 13:29:39 2025
<withdrawAccount>213025665.txt,<amount>899.99,<time>Wed Oct 29 13:31:19 2025
<withdrawAccount>213025665.txt,<amount>899.99,<time>Wed Oct 29 13:32:42 2025
<withdrawAccount>213025665.txt,<amount>0.00,<time>Wed Oct 29 13:34:44 2025
<withdrawAccount>213025665.txt,<amount>899.99,<time>Wed Oct 29 13:35:44 2025
<depositAccount>213025665.txt,<amount>0.00,<time>Wed Oct 29 14:06:26 2025
<withdrawAccount>213025665.txt,<amount>988.29,<time>Wed Oct 29 14:06:39 2025
<depositAccount>213025665.txt,<amount>0.00,<time>Thu Oct 30 20:20:09 2025
<depositAccount>213025665.txt,<amount>0.00,<time>Thu Oct 30 20:22:07 2025
<depositAccount>213025665.txt,<amount>900.90,<time>Thu Oct 30 20:22:49 2025
<depositAccount>213025665.txt,<amount>899.99,<time>Thu Oct 30 20:23:21 2025
<withdrawAccount>213025665.txt,<amount>899.09,<time>Thu Oct 30 20:23:33 2025
<withdrawAccount>213025665.txt,<amount>899.99,<time>Thu Oct 30 20:23:47 2025
<depositAccount>213025665.txt,<amount>899.05,<time>Thu Oct 30 20:25:05 2025
<withdrawAccount>213025665.txt,<amount>788.99,<time>Thu Oct 30 20:25:13 2025
<depositAccount>213025665.txt,<amount>89999.99,<time>Thu Oct 30 20:26:09 2025
<withdrawAccount>213025665.txt,<amount>89999.99,<time>Thu Oct 30 20:26:27 2025
<withdrawAccount>213025665.txt,<amount>899999.00,<time>Thu Oct 30 20:26:41 2025
<withdrawAccount>213025665.txt,<amount>90.00,<time>Thu Oct 30 20:26:58 2025
<depositAccount>213025665.txt,<amount>8999.99,<time>Thu Oct 30 20:27:04 2025
<depositAccount>213025665.txt,<amount>899.99,<time>Thu Oct 30 20:28:19 2025
<depositAccount>213025665.txt,<amount>8999999.00,<time>Thu Oct 30 20:28:29 2025
<depositAccount>213025665.txt,<amount>2131.00,<time>Thu Oct 30 20:28:41 2025
<depositAccount>213025665.txt,<amount>89.33,<time>Thu Oct 30 20:32:52 2025
<withdrawAccount>213025665.txt,<amount>8888888.00,<time>Thu Oct 30 20:33:04 2025
<depositAccount>213025665.txt,<amount>999.00,<time>Thu Oct 30 20:33:14 2025
<withdrawAccount>213025665.txt,<amount>222.33,<time>Thu Oct 30 20:34:25 2025
<withdrawAccount>213025665.txt,<amount>2.00,<time>Thu Oct 30 20:34:33 2025
<depositAccount>213025665.txt,<amount>99.99,<time>Thu Oct 30 20:38:11 2025
<depositAccount>213025665.txt,<amount>33.00,<time>Thu Oct 30 20:38:29 2025
<depositAccount>213025665.txt,<amount>213025665.00,<time>Thu Oct 30 20:40:43 2025
<depositAccount>213025665.txt,<amount>99.99,<time>Thu Oct 30 20:44:30 2025
<depositAccount>213025665.txt,<amount>99.99,<time>Thu Oct 30 20:44:38 2025
<withdrawAccount>213025665.txt,<amount>13025665.00,<time>Thu Oct 30 20:44:44 2025
<depositAccount>213025665.txt,<amount>2222.00,<time>Thu Oct 30 20:47:24 2025
<withdrawAccount>213025665.txt,<amount>2312321.00,<time>Thu Oct 30 20:47:32 2025
<withdrawAccount>213025665.txt,<amount>2223232.00,<time>Thu Oct 30 20:47:41 2025
<withdrawAccount>213025665.txt,<amount>2313212.00,<time>Thu Oct 30 20:47:51 2025
<depositAccount>213025665.txt,<amount>231312.00,<time>Thu Oct 30 20:49:08 2025
<depositAccount>213025665.txt,<amount>0.00,<time>Thu Oct 30 20:55:10 2025
<depositAccount>213025665.txt,<amount>9999.00,<time>Thu Oct 30 21:02:44 2025
<withdrawAccount>213025665.txt,<amount>21313.00,<time>Thu Oct 30 21:02:52 2025
<depositAccount>213025665.txt,<amount>231.00,<time>Thu Oct 30 21:18:02 2025
<depositAccount>213025665.txt,<amount>2313.00,<time>Thu Oct 30 21:20:55 2025
<withdrawAccount>213025665.txt,<amount>21312313.00,<time>Thu Oct 30 21:21:04 2025
<withdrawAccount>213025665.txt,<amount>12321.00,<time>Thu Oct 30 21:21:15 2025
<withdrawAccount>213025665.txt,<amount>21302.00,<time>Thu Oct 30 21:23:08 2025
<depositAccount>213025665.txt,<amount>213213.00,<time>Thu Oct 30 21:23:58 2025
<depositAccount>213025665.txt,<amount>231.00,<time>Thu Oct 30 21:27:16 2025
<withdrawAccount>213025665.txt,<amount>233.00,<time>Thu Oct 30 21:27:22 2025
<withdrawAccount>213025665.txt,<amount>10.00,<time>Thu Oct 30 21:27:36 2025
<depositAccount>213025665.txt,<amount>10.05,<time>Thu Oct 30 21:27:43 2025
<depositAccount>213025665.txt,<amount>1.20,<time>Thu Oct 30 21:27:54 2025
<depositAccount>213025665.txt,<amount>123.00,<time>Thu Oct 30 21:35:38 2025
<withdrawAccount>213025665.txt,<amount>12.00,<time>Thu Oct 30 21:35:47 2025
<createAccount>337360256.txt,<type>C,<time>Thu Oct 30 21:37:57 2025
<depositAccount>337360256.txt,<amount>213.00,<time>Thu Oct 30 21:38:11 2025
<depositAccount>213025665.txt,<amount>2333.00,<time>Thu Oct 30 21:42:49 2025
<withdrawAccount>213025665.txt,<amount>22.00,<time>Thu Oct 30 21:42:56 2025
<depositAccount>213025665.txt,<amount>22.00,<time>Thu Oct 30 21:43:00 2025
<depositAccount>213025665.txt,<amount>22.00,<time>Thu Oct 30 21:43:15 2025
<depositAccount>213025665.txt,<amount>213.00,<time>Thu Oct 30 21:46:00 2025
<withdrawAccount>213025665.txt,<amount>22.00,<time>Thu Oct 30 21:46:08 2025
<withdrawAccount>213025665.txt,<amount>2222.00,<time>Thu Oct 30 21:46:14 2025
<withdrawAccount>213025665.txt,<amount>2.00,<time>Thu Oct 30 21:46:20 2025
<depositAccount>213025665.txt,<amount>222.00,<time>Thu Oct 30 21:50:06 2025
<createAccount>13930755.txt,<type>C,<time>Thu Oct 30 21:50:20 2025
<depositAccount>213025665.txt,<amount>2112.00,<time>Thu Oct 30 21:50:27 2025
<withdrawAccount>213025665.txt,<amount>22.00,<time>Thu Oct 30 21:50:35 2025
